<?xml version="1.0" encoding="UTF-8"?>
<testng-results skipped="0" failed="1" total="12" passed="11">
  <reporter-output>
  </reporter-output>
  <suite name="Default suite" duration-ms="26284" started-at="2017-07-16T00:14:12Z" finished-at="2017-07-16T00:14:38Z">
    <groups>
    </groups>
    <test name="Default test" duration-ms="26284" started-at="2017-07-16T00:14:12Z" finished-at="2017-07-16T00:14:38Z">
      <class name="Test.FullTest">
        <test-method status="PASS" signature="set()[pri:0, instance:Test.FullTest@e25b2fe]" name="set" is-config="true" duration-ms="5497" started-at="2017-07-15T20:14:12Z" finished-at="2017-07-15T20:14:17Z">
          <reporter-output>
          </reporter-output>
        </test-method> <!-- set -->
        <test-method status="PASS" signature="testLunch()[pri:0, instance:Test.FullTest@e25b2fe]" name="testLunch" duration-ms="39" started-at="2017-07-15T20:14:17Z" finished-at="2017-07-15T20:14:17Z">
          <reporter-output>
          </reporter-output>
        </test-method> <!-- testLunch -->
        <test-method status="PASS" signature="tearDown(org.testng.ITestResult)[pri:0, instance:Test.FullTest@e25b2fe]" name="tearDown" is-config="true" duration-ms="3" started-at="2017-07-15T20:14:17Z" finished-at="2017-07-15T20:14:17Z">
          <params>
            <param index="0">
              <value>
                <![CDATA[[TestResult name=testLunch status=SUCCESS method=FullTest.testLunch()[pri:0, instance:Test.FullTest@e25b2fe] output={null}]]]>
              </value>
            </param>
          </params>
          <reporter-output>
          </reporter-output>
        </test-method> <!-- tearDown -->
        <test-method status="PASS" signature="testPage1()[pri:1, instance:Test.FullTest@e25b2fe]" name="testPage1" duration-ms="3485" started-at="2017-07-15T20:14:17Z" finished-at="2017-07-15T20:14:21Z">
          <reporter-output>
          </reporter-output>
        </test-method> <!-- testPage1 -->
        <test-method status="PASS" signature="tearDown(org.testng.ITestResult)[pri:0, instance:Test.FullTest@e25b2fe]" name="tearDown" is-config="true" duration-ms="1" started-at="2017-07-15T20:14:21Z" finished-at="2017-07-15T20:14:21Z">
          <params>
            <param index="0">
              <value>
                <![CDATA[[TestResult name=testPage1 status=SUCCESS method=FullTest.testPage1()[pri:1, instance:Test.FullTest@e25b2fe] output={null}]]]>
              </value>
            </param>
          </params>
          <reporter-output>
          </reporter-output>
        </test-method> <!-- tearDown -->
        <test-method status="PASS" signature="testHome()[pri:2, instance:Test.FullTest@e25b2fe]" name="testHome" duration-ms="933" started-at="2017-07-15T20:14:21Z" finished-at="2017-07-15T20:14:22Z">
          <reporter-output>
          </reporter-output>
        </test-method> <!-- testHome -->
        <test-method status="PASS" signature="tearDown(org.testng.ITestResult)[pri:0, instance:Test.FullTest@e25b2fe]" name="tearDown" is-config="true" duration-ms="0" started-at="2017-07-15T20:14:22Z" finished-at="2017-07-15T20:14:22Z">
          <params>
            <param index="0">
              <value>
                <![CDATA[[TestResult name=testHome status=SUCCESS method=FullTest.testHome()[pri:2, instance:Test.FullTest@e25b2fe] output={null}]]]>
              </value>
            </param>
          </params>
          <reporter-output>
          </reporter-output>
        </test-method> <!-- tearDown -->
        <test-method status="PASS" signature="testSignin()[pri:3, instance:Test.FullTest@e25b2fe]" name="testSignin" duration-ms="3100" started-at="2017-07-15T20:14:22Z" finished-at="2017-07-15T20:14:25Z">
          <reporter-output>
          </reporter-output>
        </test-method> <!-- testSignin -->
        <test-method status="PASS" signature="tearDown(org.testng.ITestResult)[pri:0, instance:Test.FullTest@e25b2fe]" name="tearDown" is-config="true" duration-ms="1" started-at="2017-07-15T20:14:25Z" finished-at="2017-07-15T20:14:25Z">
          <params>
            <param index="0">
              <value>
                <![CDATA[[TestResult name=testSignin status=SUCCESS method=FullTest.testSignin()[pri:3, instance:Test.FullTest@e25b2fe] output={null}]]]>
              </value>
            </param>
          </params>
          <reporter-output>
          </reporter-output>
        </test-method> <!-- tearDown -->
        <test-method status="PASS" signature="testBookFlight()[pri:4, instance:Test.FullTest@e25b2fe]" name="testBookFlight" duration-ms="5716" started-at="2017-07-15T20:14:25Z" finished-at="2017-07-15T20:14:31Z">
          <reporter-output>
          </reporter-output>
        </test-method> <!-- testBookFlight -->
        <test-method status="PASS" signature="tearDown(org.testng.ITestResult)[pri:0, instance:Test.FullTest@e25b2fe]" name="tearDown" is-config="true" duration-ms="1" started-at="2017-07-15T20:14:31Z" finished-at="2017-07-15T20:14:31Z">
          <params>
            <param index="0">
              <value>
                <![CDATA[[TestResult name=testBookFlight status=SUCCESS method=FullTest.testBookFlight()[pri:4, instance:Test.FullTest@e25b2fe] output={null}]]]>
              </value>
            </param>
          </params>
          <reporter-output>
          </reporter-output>
        </test-method> <!-- tearDown -->
        <test-method status="PASS" signature="testSupport()[pri:5, instance:Test.FullTest@e25b2fe]" name="testSupport" duration-ms="774" started-at="2017-07-15T20:14:31Z" finished-at="2017-07-15T20:14:31Z">
          <reporter-output>
          </reporter-output>
        </test-method> <!-- testSupport -->
        <test-method status="PASS" signature="tearDown(org.testng.ITestResult)[pri:0, instance:Test.FullTest@e25b2fe]" name="tearDown" is-config="true" duration-ms="16" started-at="2017-07-15T20:14:31Z" finished-at="2017-07-15T20:14:31Z">
          <params>
            <param index="0">
              <value>
                <![CDATA[[TestResult name=testSupport status=SUCCESS method=FullTest.testSupport()[pri:5, instance:Test.FullTest@e25b2fe] output={null}]]]>
              </value>
            </param>
          </params>
          <reporter-output>
          </reporter-output>
        </test-method> <!-- tearDown -->
        <test-method status="FAIL" signature="testContact()[pri:6, instance:Test.FullTest@e25b2fe]" name="testContact" duration-ms="668" started-at="2017-07-15T20:14:31Z" finished-at="2017-07-15T20:14:32Z">
          <exception class="java.lang.AssertionError">
            <message>
              <![CDATA[expected [true] but found [false]]]>
            </message>
            <full-stacktrace>
              <![CDATA[java.lang.AssertionError: expected [true] but found [false]
	at org.testng.Assert.fail(Assert.java:94)
	at org.testng.Assert.failNotEquals(Assert.java:496)
	at org.testng.Assert.assertTrue(Assert.java:42)
	at org.testng.Assert.assertTrue(Assert.java:52)
	at Test.FullTest.testContact(FullTest.java:81)
	at sun.reflect.NativeMethodAccessorImpl.invoke0(Native Method)
	at sun.reflect.NativeMethodAccessorImpl.invoke(NativeMethodAccessorImpl.java:62)
	at sun.reflect.DelegatingMethodAccessorImpl.invoke(DelegatingMethodAccessorImpl.java:43)
	at java.lang.reflect.Method.invoke(Method.java:498)
	at org.testng.internal.MethodInvocationHelper.invokeMethod(MethodInvocationHelper.java:85)
	at org.testng.internal.Invoker.invokeMethod(Invoker.java:639)
	at org.testng.internal.Invoker.invokeTestMethod(Invoker.java:816)
	at org.testng.internal.Invoker.invokeTestMethods(Invoker.java:1124)
	at org.testng.internal.TestMethodWorker.invokeTestMethods(TestMethodWorker.java:125)
	at org.testng.internal.TestMethodWorker.run(TestMethodWorker.java:108)
	at org.testng.TestRunner.privateRun(TestRunner.java:774)
	at org.testng.TestRunner.run(TestRunner.java:624)
	at org.testng.SuiteRunner.runTest(SuiteRunner.java:359)
	at org.testng.SuiteRunner.runSequentially(SuiteRunner.java:354)
	at org.testng.SuiteRunner.privateRun(SuiteRunner.java:312)
	at org.testng.SuiteRunner.run(SuiteRunner.java:261)
	at org.testng.SuiteRunnerWorker.runSuite(SuiteRunnerWorker.java:52)
	at org.testng.SuiteRunnerWorker.run(SuiteRunnerWorker.java:86)
	at org.testng.TestNG.runSuitesSequentially(TestNG.java:1215)
	at org.testng.TestNG.runSuitesLocally(TestNG.java:1140)
	at org.testng.TestNG.run(TestNG.java:1048)
	at org.testng.remote.AbstractRemoteTestNG.run(AbstractRemoteTestNG.java:132)
	at org.testng.remote.RemoteTestNG.initAndRun(RemoteTestNG.java:236)
	at org.testng.remote.RemoteTestNG.main(RemoteTestNG.java:81)
]]>
            </full-stacktrace>
          </exception> <!-- java.lang.AssertionError -->
          <reporter-output>
          </reporter-output>
        </test-method> <!-- testContact -->
        <test-method status="PASS" signature="tearDown(org.testng.ITestResult)[pri:0, instance:Test.FullTest@e25b2fe]" name="tearDown" is-config="true" duration-ms="160" started-at="2017-07-15T20:14:32Z" finished-at="2017-07-15T20:14:32Z">
          <params>
            <param index="0">
              <value>
                <![CDATA[[TestResult name=testContact status=FAILURE method=FullTest.testContact()[pri:6, instance:Test.FullTest@e25b2fe] output={null}]]]>
              </value>
            </param>
          </params>
          <reporter-output>
          </reporter-output>
        </test-method> <!-- tearDown -->
        <test-method status="PASS" signature="testHotels()[pri:7, instance:Test.FullTest@e25b2fe]" name="testHotels" duration-ms="678" started-at="2017-07-15T20:14:32Z" finished-at="2017-07-15T20:14:33Z">
          <reporter-output>
          </reporter-output>
        </test-method> <!-- testHotels -->
        <test-method status="PASS" signature="tearDown(org.testng.ITestResult)[pri:0, instance:Test.FullTest@e25b2fe]" name="tearDown" is-config="true" duration-ms="0" started-at="2017-07-15T20:14:33Z" finished-at="2017-07-15T20:14:33Z">
          <params>
            <param index="0">
              <value>
                <![CDATA[[TestResult name=testHotels status=SUCCESS method=FullTest.testHotels()[pri:7, instance:Test.FullTest@e25b2fe] output={null}]]]>
              </value>
            </param>
          </params>
          <reporter-output>
          </reporter-output>
        </test-method> <!-- tearDown -->
        <test-method status="PASS" signature="testCarRentals()[pri:8, instance:Test.FullTest@e25b2fe]" name="testCarRentals" duration-ms="657" started-at="2017-07-15T20:14:33Z" finished-at="2017-07-15T20:14:34Z">
          <reporter-output>
          </reporter-output>
        </test-method> <!-- testCarRentals -->
        <test-method status="PASS" signature="tearDown(org.testng.ITestResult)[pri:0, instance:Test.FullTest@e25b2fe]" name="tearDown" is-config="true" duration-ms="0" started-at="2017-07-15T20:14:34Z" finished-at="2017-07-15T20:14:34Z">
          <params>
            <param index="0">
              <value>
                <![CDATA[[TestResult name=testCarRentals status=SUCCESS method=FullTest.testCarRentals()[pri:8, instance:Test.FullTest@e25b2fe] output={null}]]]>
              </value>
            </param>
          </params>
          <reporter-output>
          </reporter-output>
        </test-method> <!-- tearDown -->
        <test-method status="PASS" signature="testCruises()[pri:9, instance:Test.FullTest@e25b2fe]" name="testCruises" duration-ms="3081" started-at="2017-07-15T20:14:34Z" finished-at="2017-07-15T20:14:37Z">
          <reporter-output>
          </reporter-output>
        </test-method> <!-- testCruises -->
        <test-method status="PASS" signature="tearDown(org.testng.ITestResult)[pri:0, instance:Test.FullTest@e25b2fe]" name="tearDown" is-config="true" duration-ms="0" started-at="2017-07-15T20:14:37Z" finished-at="2017-07-15T20:14:37Z">
          <params>
            <param index="0">
              <value>
                <![CDATA[[TestResult name=testCruises status=SUCCESS method=FullTest.testCruises()[pri:9, instance:Test.FullTest@e25b2fe] output={null}]]]>
              </value>
            </param>
          </params>
          <reporter-output>
          </reporter-output>
        </test-method> <!-- tearDown -->
        <test-method status="PASS" signature="testDestinations()[pri:10, instance:Test.FullTest@e25b2fe]" name="testDestinations" duration-ms="547" started-at="2017-07-15T20:14:37Z" finished-at="2017-07-15T20:14:37Z">
          <reporter-output>
          </reporter-output>
        </test-method> <!-- testDestinations -->
        <test-method status="PASS" signature="tearDown(org.testng.ITestResult)[pri:0, instance:Test.FullTest@e25b2fe]" name="tearDown" is-config="true" duration-ms="0" started-at="2017-07-15T20:14:37Z" finished-at="2017-07-15T20:14:37Z">
          <params>
            <param index="0">
              <value>
                <![CDATA[[TestResult name=testDestinations status=SUCCESS method=FullTest.testDestinations()[pri:10, instance:Test.FullTest@e25b2fe] output={null}]]]>
              </value>
            </param>
          </params>
          <reporter-output>
          </reporter-output>
        </test-method> <!-- tearDown -->
        <test-method status="PASS" signature="testVacations()[pri:11, instance:Test.FullTest@e25b2fe]" name="testVacations" duration-ms="877" started-at="2017-07-15T20:14:37Z" finished-at="2017-07-15T20:14:38Z">
          <reporter-output>
          </reporter-output>
        </test-method> <!-- testVacations -->
        <test-method status="PASS" signature="tearDown(org.testng.ITestResult)[pri:0, instance:Test.FullTest@e25b2fe]" name="tearDown" is-config="true" duration-ms="0" started-at="2017-07-15T20:14:38Z" finished-at="2017-07-15T20:14:38Z">
          <params>
            <param index="0">
              <value>
                <![CDATA[[TestResult name=testVacations status=SUCCESS method=FullTest.testVacations()[pri:11, instance:Test.FullTest@e25b2fe] output={null}]]]>
              </value>
            </param>
          </params>
          <reporter-output>
          </reporter-output>
        </test-method> <!-- tearDown -->
      </class> <!-- Test.FullTest -->
    </test> <!-- Default test -->
  </suite> <!-- Default suite -->
</testng-results>
